{"$message_type":"diagnostic","level":"error","loc":{"path":"/Users/Zhuanz2/html_parser/.mooncakes/moonbitlang/x/internal/ffi/string_convert.mbt","start":{"line":21,"col":24},"end":{"line":21,"col":30}},"message":"Type Int has no method to_int.","error_code":4015}
{"$message_type":"diagnostic","level":"error","loc":{"path":"/Users/Zhuanz2/html_parser/.mooncakes/moonbitlang/x/internal/ffi/string_convert.mbt","start":{"line":25,"col":22},"end":{"line":25,"col":28}},"message":"Type Int has no method to_int.","error_code":4015}
{"$message_type":"diagnostic","level":"error","loc":{"path":"/Users/Zhuanz2/html_parser/.mooncakes/moonbitlang/x/internal/ffi/string_wasm.mbt","start":{"line":37,"col":32},"end":{"line":37,"col":36}},"message":"Expr Type Mismatch\n        has type : Int\n        wanted   : Char","error_code":4014}
{"$message_type":"diagnostic","level":"error","loc":{"path":"/Users/Zhuanz2/html_parser/.mooncakes/moonbitlang/x/uuid/uuid.mbt","start":{"line":127,"col":34},"end":{"line":127,"col":35}},"message":"Expr Type Mismatch\n        has type : Int\n        wanted   : Char","error_code":4014}
{"$message_type":"diagnostic","level":"error","loc":{"path":"/Users/Zhuanz2/html_parser/.mooncakes/moonbitlang/x/uuid/uuid.mbt","start":{"line":141,"col":34},"end":{"line":141,"col":35}},"message":"Expr Type Mismatch\n        has type : Int\n        wanted   : Char","error_code":4014}
{"$message_type":"diagnostic","level":"warning","loc":{"path":"/Users/Zhuanz2/html_parser/src/lib/lexer/lexer.mbt","start":{"line":173,"col":4},"end":{"line":173,"col":19}},"message":"Warning: Unused function 'is_self_closing'","error_code":1}
{"$message_type":"diagnostic","level":"warning","loc":{"path":"/Users/Zhuanz2/html_parser/src/lib/lexer/lexer.mbt","start":{"line":308,"col":4},"end":{"line":308,"col":20}},"message":"Warning: Unused function 'is_end_tag_start'","error_code":1}
{"$message_type":"diagnostic","level":"error","loc":{"path":"/Users/Zhuanz2/html_parser/.mooncakes/moonbitlang/x/json5/lex_misc.mbt","start":{"line":20,"col":16},"end":{"line":20,"col":22}},"message":"Type Int has no method to_int.","error_code":4015}
{"$message_type":"diagnostic","level":"error","loc":{"path":"/Users/Zhuanz2/html_parser/.mooncakes/moonbitlang/x/json5/lex_misc.mbt","start":{"line":23,"col":40},"end":{"line":23,"col":46}},"message":"Type Int has no method to_int.","error_code":4015}
{"$message_type":"diagnostic","level":"error","loc":{"path":"/Users/Zhuanz2/html_parser/.mooncakes/moonbitlang/x/json5/lex_misc.mbt","start":{"line":31,"col":10},"end":{"line":31,"col":11}},"message":"Expr Type Mismatch\n        has type : Int\n        wanted   : Char","error_code":4014}
{"$message_type":"diagnostic","level":"error","loc":{"path":"/Users/Zhuanz2/html_parser/.mooncakes/moonbitlang/x/json5/parse.mbt","start":{"line":36,"col":13},"end":{"line":36,"col":17}},"message":"Cannot create values of the read-only type: Null.","error_code":4036}
{"$message_type":"diagnostic","level":"error","loc":{"path":"/Users/Zhuanz2/html_parser/.mooncakes/moonbitlang/x/json5/parse.mbt","start":{"line":37,"col":13},"end":{"line":37,"col":17}},"message":"Cannot create values of the read-only type: True.","error_code":4036}
{"$message_type":"diagnostic","level":"error","loc":{"path":"/Users/Zhuanz2/html_parser/.mooncakes/moonbitlang/x/json5/parse.mbt","start":{"line":38,"col":14},"end":{"line":38,"col":19}},"message":"Cannot create values of the read-only type: False.","error_code":4036}
{"$message_type":"diagnostic","level":"error","loc":{"path":"/Users/Zhuanz2/html_parser/.mooncakes/moonbitlang/x/json5/parse.mbt","start":{"line":39,"col":18},"end":{"line":39,"col":24}},"message":"Cannot create values of the read-only type: Number.","error_code":4036}
{"$message_type":"diagnostic","level":"error","loc":{"path":"/Users/Zhuanz2/html_parser/.mooncakes/moonbitlang/x/json5/parse.mbt","start":{"line":39,"col":18},"end":{"line":39,"col":27}},"message":"The labels repr~ are required by this function, but not supplied.","error_code":4086}
{"$message_type":"diagnostic","level":"error","loc":{"path":"/Users/Zhuanz2/html_parser/.mooncakes/moonbitlang/x/json5/parse.mbt","start":{"line":40,"col":18},"end":{"line":40,"col":24}},"message":"Cannot create values of the read-only type: String.","error_code":4036}
{"$message_type":"diagnostic","level":"error","loc":{"path":"/Users/Zhuanz2/html_parser/.mooncakes/moonbitlang/x/json5/parse.mbt","start":{"line":73,"col":3},"end":{"line":73,"col":9}},"message":"Cannot create values of the read-only type: Object.","error_code":4036}
{"$message_type":"diagnostic","level":"error","loc":{"path":"/Users/Zhuanz2/html_parser/.mooncakes/moonbitlang/x/json5/parse.mbt","start":{"line":94,"col":3},"end":{"line":94,"col":8}},"message":"Cannot create values of the read-only type: Array.","error_code":4036}
{"$message_type":"diagnostic","level":"error","loc":{"path":"/Users/Zhuanz2/html_parser/.mooncakes/moonbitlang/x/json5/util.mbt","start":{"line":35,"col":56},"end":{"line":35,"col":73}},"message":"Expr Type Mismatch\n        has type : Int\n        wanted   : Char","error_code":4014}
{"$message_type":"diagnostic","level":"error","loc":{"path":"/Users/Zhuanz2/html_parser/.mooncakes/moonbitlang/x/time/duration.mbt","start":{"line":66,"col":24},"end":{"line":66,"col":30}},"message":"Expr Type Mismatch\n        has type : Int\n        wanted   : Char","error_code":4014}
{"$message_type":"diagnostic","level":"error","loc":{"path":"/Users/Zhuanz2/html_parser/.mooncakes/moonbitlang/x/time/period.mbt","start":{"line":49,"col":24},"end":{"line":49,"col":30}},"message":"Expr Type Mismatch\n        has type : Int\n        wanted   : Char","error_code":4014}
{"$message_type":"diagnostic","level":"error","loc":{"path":"/Users/Zhuanz2/html_parser/.mooncakes/moonbitlang/x/time/util.mbt","start":{"line":103,"col":16},"end":{"line":103,"col":25}},"message":"Expr Type Mismatch\n        has type : Char\n        wanted   : Int","error_code":4014}
{"$message_type":"diagnostic","level":"error","loc":{"path":"/Users/Zhuanz2/html_parser/.mooncakes/moonbitlang/x/time/util.mbt","start":{"line":107,"col":22},"end":{"line":107,"col":26}},"message":"Expr Type Mismatch\n        has type : Int\n        wanted   : Char","error_code":4014}
{"$message_type":"diagnostic","level":"warning","loc":{"path":"/Users/Zhuanz2/html_parser/src/lib/dom/dom_query.mbt","start":{"line":19,"col":12},"end":{"line":19,"col":18}},"message":"Warning: The type of this expression is (Map[Unit, _/0]) -> Unit, which contains unresolved type variables. The type variable is default to Unit.","error_code":13}
{"$message_type":"diagnostic","level":"warning","loc":{"path":"/Users/Zhuanz2/html_parser/src/lib/dom/dom_query.mbt","start":{"line":19,"col":12},"end":{"line":19,"col":18}},"message":"Warning: The type of this expression is (Map[_/0, _/1]) -> Unit, which contains unresolved type variables. The type variable is default to Unit.","error_code":13}
{"$message_type":"diagnostic","level":"error","loc":{"path":"/Users/Zhuanz2/html_parser/src/main/main.mbt","start":{"line":6,"col":46},"end":{"line":6,"col":52}},"message":"Expr Type Mismatch\n        has type : Array[@html_parser/lib/parser.DomNode]\n        wanted   : @html_parser/lib/parser.DomNode","error_code":4014}
{"$message_type":"diagnostic","level":"error","loc":{"path":"/Users/Zhuanz2/html_parser/src/main/main.mbt","start":{"line":10,"col":28},"end":{"line":10,"col":36}},"message":"Expr Type Mismatch\n        has type : Array[@html_parser/lib/parser.DomNode]\n        wanted   : Array[Array[@html_parser/lib/parser.DomNode]]","error_code":4014}
{"$message_type":"diagnostic","level":"warning","loc":{"path":"/Users/Zhuanz2/html_parser/src/lib/dom/dom_query_test.mbt","start":{"line":10,"col":3},"end":{"line":10,"col":33}},"message":"Warning: The syntax `f!(..)` for calling function with error is deprecated. Use `f(..)` instead.","error_code":27}
{"$message_type":"diagnostic","level":"warning","loc":{"path":"/Users/Zhuanz2/html_parser/src/lib/dom/dom_query_test.mbt","start":{"line":12,"col":42},"end":{"line":12,"col":66}},"message":"Warning: The syntax `f!(..)` for calling function with error is deprecated. Use `f(..)` instead.","error_code":27}
{"$message_type":"diagnostic","level":"warning","loc":{"path":"/Users/Zhuanz2/html_parser/src/lib/dom/dom_query_test.mbt","start":{"line":13,"col":10},"end":{"line":13,"col":33}},"message":"Warning: The syntax `f!(..)` for calling function with error is deprecated. Use `f(..)` instead.","error_code":27}
{"$message_type":"diagnostic","level":"warning","loc":{"path":"/Users/Zhuanz2/html_parser/src/lib/dom/dom_query_test.mbt","start":{"line":16,"col":42},"end":{"line":16,"col":66}},"message":"Warning: The syntax `f!(..)` for calling function with error is deprecated. Use `f(..)` instead.","error_code":27}
{"$message_type":"diagnostic","level":"warning","loc":{"path":"/Users/Zhuanz2/html_parser/src/lib/dom/dom_query_test.mbt","start":{"line":17,"col":10},"end":{"line":17,"col":33}},"message":"Warning: The syntax `f!(..)` for calling function with error is deprecated. Use `f(..)` instead.","error_code":27}
{"$message_type":"diagnostic","level":"warning","loc":{"path":"/Users/Zhuanz2/html_parser/src/lib/dom/dom_query_test.mbt","start":{"line":22,"col":3},"end":{"line":22,"col":35}},"message":"Warning: The syntax `f!(..)` for calling function with error is deprecated. Use `f(..)` instead.","error_code":27}
{"$message_type":"diagnostic","level":"warning","loc":{"path":"/Users/Zhuanz2/html_parser/src/lib/dom/dom_query_test.mbt","start":{"line":24,"col":42},"end":{"line":24,"col":63}},"message":"Warning: The syntax `f!(..)` for calling function with error is deprecated. Use `f(..)` instead.","error_code":27}
{"$message_type":"diagnostic","level":"warning","loc":{"path":"/Users/Zhuanz2/html_parser/src/lib/dom/dom_query_test.mbt","start":{"line":25,"col":10},"end":{"line":25,"col":33}},"message":"Warning: The syntax `f!(..)` for calling function with error is deprecated. Use `f(..)` instead.","error_code":27}
{"$message_type":"diagnostic","level":"warning","loc":{"path":"/Users/Zhuanz2/html_parser/src/lib/dom/dom_query_test.mbt","start":{"line":30,"col":3},"end":{"line":30,"col":38}},"message":"Warning: The syntax `f!(..)` for calling function with error is deprecated. Use `f(..)` instead.","error_code":27}
